[2024-11-04T10:31:14.161+0100] {taskinstance.py:1087} INFO - Dependencies all met for <TaskInstance: airbyte_sync_dag.trigger_airbyte_sync_ekpo manual__2024-11-04T09:30:52.240252+00:00 [queued]>
[2024-11-04T10:31:14.194+0100] {taskinstance.py:1087} INFO - Dependencies all met for <TaskInstance: airbyte_sync_dag.trigger_airbyte_sync_ekpo manual__2024-11-04T09:30:52.240252+00:00 [queued]>
[2024-11-04T10:31:14.195+0100] {taskinstance.py:1283} INFO - 
--------------------------------------------------------------------------------
[2024-11-04T10:31:14.195+0100] {taskinstance.py:1284} INFO - Starting attempt 1 of 2
[2024-11-04T10:31:14.196+0100] {taskinstance.py:1285} INFO - 
--------------------------------------------------------------------------------
[2024-11-04T10:31:14.234+0100] {taskinstance.py:1304} INFO - Executing <Task(AirbyteTriggerSyncOperator): trigger_airbyte_sync_ekpo> on 2024-11-04 09:30:52.240252+00:00
[2024-11-04T10:31:14.248+0100] {standard_task_runner.py:55} INFO - Started process 3826 to run task
[2024-11-04T10:31:14.260+0100] {standard_task_runner.py:82} INFO - Running: ['***', 'tasks', 'run', 'airbyte_sync_dag', 'trigger_airbyte_sync_ekpo', 'manual__2024-11-04T09:30:52.240252+00:00', '--job-id', '104', '--raw', '--subdir', 'DAGS_FOLDER/airbyte_dag.py', '--cfg-path', '/tmp/tmpm27ppu2_']
[2024-11-04T10:31:14.265+0100] {standard_task_runner.py:83} INFO - Job 104: Subtask trigger_airbyte_sync_ekpo
[2024-11-04T10:31:14.527+0100] {task_command.py:389} INFO - Running <TaskInstance: airbyte_sync_dag.trigger_airbyte_sync_ekpo manual__2024-11-04T09:30:52.240252+00:00 [running]> on host bd78ac0fb717
[2024-11-04T10:31:14.778+0100] {taskinstance.py:1513} INFO - Exporting the following env vars:
AIRFLOW_CTX_DAG_OWNER=Admin
AIRFLOW_CTX_DAG_ID=airbyte_sync_dag
AIRFLOW_CTX_TASK_ID=trigger_airbyte_sync_ekpo
AIRFLOW_CTX_EXECUTION_DATE=2024-11-04T09:30:52.240252+00:00
AIRFLOW_CTX_TRY_NUMBER=1
AIRFLOW_CTX_DAG_RUN_ID=manual__2024-11-04T09:30:52.240252+00:00
[2024-11-04T10:31:14.800+0100] {base.py:73} INFO - Using connection ID 'airbyte_conn' for task execution.
[2024-11-04T10:31:14.814+0100] {http.py:150} INFO - Sending 'POST' to url: http://10.132.0.2:8000/api/v1/connections/sync
[2024-11-04T10:31:16.719+0100] {airbyte.py:77} INFO - Job 48 was submitted to Airbyte Server
[2024-11-04T10:31:16.790+0100] {taskinstance.py:1327} INFO - Marking task as SUCCESS. dag_id=airbyte_sync_dag, task_id=trigger_airbyte_sync_ekpo, execution_date=20241104T093052, start_date=20241104T093114, end_date=20241104T093116
[2024-11-04T10:31:16.857+0100] {local_task_job.py:159} INFO - Task exited with return code 0
[2024-11-04T10:31:17.024+0100] {taskinstance.py:2582} INFO - 1 downstream tasks scheduled from follow-on schedule check
