[2024-11-04T17:21:43.768+0100] {taskinstance.py:1087} INFO - Dependencies all met for <TaskInstance: gcs_to_bq_custom_operator_dag.load_mard_to_bq manual__2024-11-04T16:19:13.547925+00:00 [queued]>
[2024-11-04T17:21:43.795+0100] {taskinstance.py:1087} INFO - Dependencies all met for <TaskInstance: gcs_to_bq_custom_operator_dag.load_mard_to_bq manual__2024-11-04T16:19:13.547925+00:00 [queued]>
[2024-11-04T17:21:43.795+0100] {taskinstance.py:1283} INFO - 
--------------------------------------------------------------------------------
[2024-11-04T17:21:43.795+0100] {taskinstance.py:1284} INFO - Starting attempt 1 of 2
[2024-11-04T17:21:43.795+0100] {taskinstance.py:1285} INFO - 
--------------------------------------------------------------------------------
[2024-11-04T17:21:43.815+0100] {taskinstance.py:1304} INFO - Executing <Task(PythonOperator): load_mard_to_bq> on 2024-11-04 16:19:13.547925+00:00
[2024-11-04T17:21:43.826+0100] {standard_task_runner.py:55} INFO - Started process 6600 to run task
[2024-11-04T17:21:43.832+0100] {standard_task_runner.py:82} INFO - Running: ['***', 'tasks', 'run', 'gcs_to_bq_custom_operator_dag', 'load_mard_to_bq', 'manual__2024-11-04T16:19:13.547925+00:00', '--job-id', '160', '--raw', '--subdir', 'DAGS_FOLDER/extraction_dag.py', '--cfg-path', '/tmp/tmp9v9bmm3m']
[2024-11-04T17:21:43.835+0100] {standard_task_runner.py:83} INFO - Job 160: Subtask load_mard_to_bq
[2024-11-04T17:21:43.944+0100] {task_command.py:389} INFO - Running <TaskInstance: gcs_to_bq_custom_operator_dag.load_mard_to_bq manual__2024-11-04T16:19:13.547925+00:00 [running]> on host b222f5fac3f3
[2024-11-04T17:21:44.305+0100] {taskinstance.py:1513} INFO - Exporting the following env vars:
AIRFLOW_CTX_DAG_OWNER=Admin
AIRFLOW_CTX_DAG_ID=gcs_to_bq_custom_operator_dag
AIRFLOW_CTX_TASK_ID=load_mard_to_bq
AIRFLOW_CTX_EXECUTION_DATE=2024-11-04T16:19:13.547925+00:00
AIRFLOW_CTX_TRY_NUMBER=1
AIRFLOW_CTX_DAG_RUN_ID=manual__2024-11-04T16:19:13.547925+00:00
[2024-11-04T17:21:47.739+0100] {logging_mixin.py:137} INFO - Loaded data from mard.csv into eltl-pipeline-project.staging.MARD
[2024-11-04T17:21:47.739+0100] {python.py:177} INFO - Done. Returned value was: None
[2024-11-04T17:21:47.757+0100] {taskinstance.py:1327} INFO - Marking task as SUCCESS. dag_id=gcs_to_bq_custom_operator_dag, task_id=load_mard_to_bq, execution_date=20241104T161913, start_date=20241104T162143, end_date=20241104T162147
[2024-11-04T17:21:47.818+0100] {local_task_job.py:159} INFO - Task exited with return code 0
[2024-11-04T17:21:47.860+0100] {taskinstance.py:2582} INFO - 0 downstream tasks scheduled from follow-on schedule check
