[2024-11-04T10:31:02.689+0100] {taskinstance.py:1087} INFO - Dependencies all met for <TaskInstance: airbyte_sync_dag.trigger_airbyte_sync_vbrk manual__2024-11-04T09:30:52.240252+00:00 [queued]>
[2024-11-04T10:31:02.726+0100] {taskinstance.py:1087} INFO - Dependencies all met for <TaskInstance: airbyte_sync_dag.trigger_airbyte_sync_vbrk manual__2024-11-04T09:30:52.240252+00:00 [queued]>
[2024-11-04T10:31:02.727+0100] {taskinstance.py:1283} INFO - 
--------------------------------------------------------------------------------
[2024-11-04T10:31:02.728+0100] {taskinstance.py:1284} INFO - Starting attempt 1 of 2
[2024-11-04T10:31:02.728+0100] {taskinstance.py:1285} INFO - 
--------------------------------------------------------------------------------
[2024-11-04T10:31:02.759+0100] {taskinstance.py:1304} INFO - Executing <Task(AirbyteTriggerSyncOperator): trigger_airbyte_sync_vbrk> on 2024-11-04 09:30:52.240252+00:00
[2024-11-04T10:31:02.775+0100] {standard_task_runner.py:55} INFO - Started process 3658 to run task
[2024-11-04T10:31:02.788+0100] {standard_task_runner.py:82} INFO - Running: ['***', 'tasks', 'run', 'airbyte_sync_dag', 'trigger_airbyte_sync_vbrk', 'manual__2024-11-04T09:30:52.240252+00:00', '--job-id', '101', '--raw', '--subdir', 'DAGS_FOLDER/airbyte_dag.py', '--cfg-path', '/tmp/tmpc9o5l1ln']
[2024-11-04T10:31:02.793+0100] {standard_task_runner.py:83} INFO - Job 101: Subtask trigger_airbyte_sync_vbrk
[2024-11-04T10:31:02.974+0100] {task_command.py:389} INFO - Running <TaskInstance: airbyte_sync_dag.trigger_airbyte_sync_vbrk manual__2024-11-04T09:30:52.240252+00:00 [running]> on host bd78ac0fb717
[2024-11-04T10:31:03.175+0100] {taskinstance.py:1513} INFO - Exporting the following env vars:
AIRFLOW_CTX_DAG_OWNER=Admin
AIRFLOW_CTX_DAG_ID=airbyte_sync_dag
AIRFLOW_CTX_TASK_ID=trigger_airbyte_sync_vbrk
AIRFLOW_CTX_EXECUTION_DATE=2024-11-04T09:30:52.240252+00:00
AIRFLOW_CTX_TRY_NUMBER=1
AIRFLOW_CTX_DAG_RUN_ID=manual__2024-11-04T09:30:52.240252+00:00
[2024-11-04T10:31:03.218+0100] {base.py:73} INFO - Using connection ID 'airbyte_conn' for task execution.
[2024-11-04T10:31:03.226+0100] {http.py:150} INFO - Sending 'POST' to url: http://10.132.0.2:8000/api/v1/connections/sync
[2024-11-04T10:31:04.484+0100] {airbyte.py:77} INFO - Job 45 was submitted to Airbyte Server
[2024-11-04T10:31:04.574+0100] {taskinstance.py:1327} INFO - Marking task as SUCCESS. dag_id=airbyte_sync_dag, task_id=trigger_airbyte_sync_vbrk, execution_date=20241104T093052, start_date=20241104T093102, end_date=20241104T093104
[2024-11-04T10:31:04.627+0100] {local_task_job.py:159} INFO - Task exited with return code 0
[2024-11-04T10:31:04.792+0100] {taskinstance.py:2582} INFO - 1 downstream tasks scheduled from follow-on schedule check
