[2024-11-01T09:05:54.951+0100] {taskinstance.py:1087} INFO - Dependencies all met for <TaskInstance: airbyte_sync_dag.trigger_airbyte_sync_vbak manual__2024-11-01T08:05:53.344419+00:00 [queued]>
[2024-11-01T09:05:54.975+0100] {taskinstance.py:1087} INFO - Dependencies all met for <TaskInstance: airbyte_sync_dag.trigger_airbyte_sync_vbak manual__2024-11-01T08:05:53.344419+00:00 [queued]>
[2024-11-01T09:05:54.977+0100] {taskinstance.py:1283} INFO - 
--------------------------------------------------------------------------------
[2024-11-01T09:05:54.978+0100] {taskinstance.py:1284} INFO - Starting attempt 1 of 2
[2024-11-01T09:05:54.978+0100] {taskinstance.py:1285} INFO - 
--------------------------------------------------------------------------------
[2024-11-01T09:05:55.008+0100] {taskinstance.py:1304} INFO - Executing <Task(AirbyteTriggerSyncOperator): trigger_airbyte_sync_vbak> on 2024-11-01 08:05:53.344419+00:00
[2024-11-01T09:05:55.019+0100] {standard_task_runner.py:55} INFO - Started process 234161 to run task
[2024-11-01T09:05:55.029+0100] {standard_task_runner.py:82} INFO - Running: ['***', 'tasks', 'run', 'airbyte_sync_dag', 'trigger_airbyte_sync_vbak', 'manual__2024-11-01T08:05:53.344419+00:00', '--job-id', '85', '--raw', '--subdir', 'DAGS_FOLDER/airbyte_dag.py', '--cfg-path', '/tmp/tmp51bssr22']
[2024-11-01T09:05:55.033+0100] {standard_task_runner.py:83} INFO - Job 85: Subtask trigger_airbyte_sync_vbak
[2024-11-01T09:05:55.180+0100] {task_command.py:389} INFO - Running <TaskInstance: airbyte_sync_dag.trigger_airbyte_sync_vbak manual__2024-11-01T08:05:53.344419+00:00 [running]> on host a9b91f8e80c6
[2024-11-01T09:05:55.337+0100] {taskinstance.py:1513} INFO - Exporting the following env vars:
AIRFLOW_CTX_DAG_OWNER=Admin
AIRFLOW_CTX_DAG_ID=airbyte_sync_dag
AIRFLOW_CTX_TASK_ID=trigger_airbyte_sync_vbak
AIRFLOW_CTX_EXECUTION_DATE=2024-11-01T08:05:53.344419+00:00
AIRFLOW_CTX_TRY_NUMBER=1
AIRFLOW_CTX_DAG_RUN_ID=manual__2024-11-01T08:05:53.344419+00:00
[2024-11-01T09:05:55.361+0100] {base.py:73} INFO - Using connection ID 'airbyte_conn' for task execution.
[2024-11-01T09:05:55.369+0100] {http.py:150} INFO - Sending 'POST' to url: http://10.132.0.2:8000/api/v1/connections/sync
[2024-11-01T09:05:56.386+0100] {airbyte.py:77} INFO - Job 37 was submitted to Airbyte Server
[2024-11-01T09:05:56.448+0100] {taskinstance.py:1327} INFO - Marking task as SUCCESS. dag_id=airbyte_sync_dag, task_id=trigger_airbyte_sync_vbak, execution_date=20241101T080553, start_date=20241101T080554, end_date=20241101T080556
[2024-11-01T09:05:56.493+0100] {local_task_job.py:159} INFO - Task exited with return code 0
[2024-11-01T09:05:56.573+0100] {taskinstance.py:2582} INFO - 1 downstream tasks scheduled from follow-on schedule check
