[2024-11-04T17:19:42.982+0100] {taskinstance.py:1087} INFO - Dependencies all met for <TaskInstance: gcs_to_bq_custom_operator_dag.load_vbrk_to_bq manual__2024-11-04T16:19:13.547925+00:00 [queued]>
[2024-11-04T17:19:43.004+0100] {taskinstance.py:1087} INFO - Dependencies all met for <TaskInstance: gcs_to_bq_custom_operator_dag.load_vbrk_to_bq manual__2024-11-04T16:19:13.547925+00:00 [queued]>
[2024-11-04T17:19:43.004+0100] {taskinstance.py:1283} INFO - 
--------------------------------------------------------------------------------
[2024-11-04T17:19:43.004+0100] {taskinstance.py:1284} INFO - Starting attempt 1 of 2
[2024-11-04T17:19:43.004+0100] {taskinstance.py:1285} INFO - 
--------------------------------------------------------------------------------
[2024-11-04T17:19:43.024+0100] {taskinstance.py:1304} INFO - Executing <Task(PythonOperator): load_vbrk_to_bq> on 2024-11-04 16:19:13.547925+00:00
[2024-11-04T17:19:43.035+0100] {standard_task_runner.py:55} INFO - Started process 5503 to run task
[2024-11-04T17:19:43.042+0100] {standard_task_runner.py:82} INFO - Running: ['***', 'tasks', 'run', 'gcs_to_bq_custom_operator_dag', 'load_vbrk_to_bq', 'manual__2024-11-04T16:19:13.547925+00:00', '--job-id', '153', '--raw', '--subdir', 'DAGS_FOLDER/extraction_dag.py', '--cfg-path', '/tmp/tmph4mv8ebl']
[2024-11-04T17:19:43.045+0100] {standard_task_runner.py:83} INFO - Job 153: Subtask load_vbrk_to_bq
[2024-11-04T17:19:43.146+0100] {task_command.py:389} INFO - Running <TaskInstance: gcs_to_bq_custom_operator_dag.load_vbrk_to_bq manual__2024-11-04T16:19:13.547925+00:00 [running]> on host b222f5fac3f3
[2024-11-04T17:19:43.529+0100] {taskinstance.py:1513} INFO - Exporting the following env vars:
AIRFLOW_CTX_DAG_OWNER=Admin
AIRFLOW_CTX_DAG_ID=gcs_to_bq_custom_operator_dag
AIRFLOW_CTX_TASK_ID=load_vbrk_to_bq
AIRFLOW_CTX_EXECUTION_DATE=2024-11-04T16:19:13.547925+00:00
AIRFLOW_CTX_TRY_NUMBER=1
AIRFLOW_CTX_DAG_RUN_ID=manual__2024-11-04T16:19:13.547925+00:00
[2024-11-04T17:19:57.980+0100] {logging_mixin.py:137} INFO - Loaded data from vbrk.csv into eltl-pipeline-project.staging.VBRK
[2024-11-04T17:19:57.981+0100] {python.py:177} INFO - Done. Returned value was: None
[2024-11-04T17:19:57.999+0100] {taskinstance.py:1327} INFO - Marking task as SUCCESS. dag_id=gcs_to_bq_custom_operator_dag, task_id=load_vbrk_to_bq, execution_date=20241104T161913, start_date=20241104T161942, end_date=20241104T161957
[2024-11-04T17:19:58.053+0100] {local_task_job.py:159} INFO - Task exited with return code 0
[2024-11-04T17:19:58.101+0100] {taskinstance.py:2582} INFO - 1 downstream tasks scheduled from follow-on schedule check
