[2024-11-04T17:10:27.614+0100] {taskinstance.py:1087} INFO - Dependencies all met for <TaskInstance: gcs_to_bq_custom_operator_dag.load_vbak_to_bq manual__2024-11-04T16:10:25.849907+00:00 [queued]>
[2024-11-04T17:10:27.634+0100] {taskinstance.py:1087} INFO - Dependencies all met for <TaskInstance: gcs_to_bq_custom_operator_dag.load_vbak_to_bq manual__2024-11-04T16:10:25.849907+00:00 [queued]>
[2024-11-04T17:10:27.634+0100] {taskinstance.py:1283} INFO - 
--------------------------------------------------------------------------------
[2024-11-04T17:10:27.634+0100] {taskinstance.py:1284} INFO - Starting attempt 1 of 2
[2024-11-04T17:10:27.634+0100] {taskinstance.py:1285} INFO - 
--------------------------------------------------------------------------------
[2024-11-04T17:10:27.653+0100] {taskinstance.py:1304} INFO - Executing <Task(PythonOperator): load_vbak_to_bq> on 2024-11-04 16:10:25.849907+00:00
[2024-11-04T17:10:27.663+0100] {standard_task_runner.py:55} INFO - Started process 403 to run task
[2024-11-04T17:10:27.670+0100] {standard_task_runner.py:82} INFO - Running: ['***', 'tasks', 'run', 'gcs_to_bq_custom_operator_dag', 'load_vbak_to_bq', 'manual__2024-11-04T16:10:25.849907+00:00', '--job-id', '144', '--raw', '--subdir', 'DAGS_FOLDER/extraction_dag.py', '--cfg-path', '/tmp/tmplz0wyg0h']
[2024-11-04T17:10:27.673+0100] {standard_task_runner.py:83} INFO - Job 144: Subtask load_vbak_to_bq
[2024-11-04T17:10:27.771+0100] {task_command.py:389} INFO - Running <TaskInstance: gcs_to_bq_custom_operator_dag.load_vbak_to_bq manual__2024-11-04T16:10:25.849907+00:00 [running]> on host b222f5fac3f3
[2024-11-04T17:10:28.134+0100] {taskinstance.py:1513} INFO - Exporting the following env vars:
AIRFLOW_CTX_DAG_OWNER=Admin
AIRFLOW_CTX_DAG_ID=gcs_to_bq_custom_operator_dag
AIRFLOW_CTX_TASK_ID=load_vbak_to_bq
AIRFLOW_CTX_EXECUTION_DATE=2024-11-04T16:10:25.849907+00:00
AIRFLOW_CTX_TRY_NUMBER=1
AIRFLOW_CTX_DAG_RUN_ID=manual__2024-11-04T16:10:25.849907+00:00
[2024-11-04T17:10:33.440+0100] {logging_mixin.py:137} INFO - Loaded data from vbak.csv into eltl-pipeline-project.staging.VBAK
[2024-11-04T17:10:33.440+0100] {python.py:177} INFO - Done. Returned value was: None
[2024-11-04T17:10:33.460+0100] {taskinstance.py:1327} INFO - Marking task as SUCCESS. dag_id=gcs_to_bq_custom_operator_dag, task_id=load_vbak_to_bq, execution_date=20241104T161025, start_date=20241104T161027, end_date=20241104T161033
[2024-11-04T17:10:33.503+0100] {local_task_job.py:159} INFO - Task exited with return code 0
[2024-11-04T17:10:33.553+0100] {taskinstance.py:2582} INFO - 1 downstream tasks scheduled from follow-on schedule check
