[2024-11-01T12:34:30.466+0100] {taskinstance.py:1087} INFO - Dependencies all met for <TaskInstance: airbyte_sync_dag.trigger_airbyte_sync_vbak manual__2024-11-01T11:34:29.786135+00:00 [queued]>
[2024-11-01T12:34:30.500+0100] {taskinstance.py:1087} INFO - Dependencies all met for <TaskInstance: airbyte_sync_dag.trigger_airbyte_sync_vbak manual__2024-11-01T11:34:29.786135+00:00 [queued]>
[2024-11-01T12:34:30.501+0100] {taskinstance.py:1283} INFO - 
--------------------------------------------------------------------------------
[2024-11-01T12:34:30.501+0100] {taskinstance.py:1284} INFO - Starting attempt 1 of 2
[2024-11-01T12:34:30.501+0100] {taskinstance.py:1285} INFO - 
--------------------------------------------------------------------------------
[2024-11-01T12:34:30.532+0100] {taskinstance.py:1304} INFO - Executing <Task(AirbyteTriggerSyncOperator): trigger_airbyte_sync_vbak> on 2024-11-01 11:34:29.786135+00:00
[2024-11-01T12:34:30.552+0100] {standard_task_runner.py:55} INFO - Started process 1208 to run task
[2024-11-01T12:34:30.559+0100] {standard_task_runner.py:82} INFO - Running: ['***', 'tasks', 'run', 'airbyte_sync_dag', 'trigger_airbyte_sync_vbak', 'manual__2024-11-01T11:34:29.786135+00:00', '--job-id', '92', '--raw', '--subdir', 'DAGS_FOLDER/airbyte_dag.py', '--cfg-path', '/tmp/tmph6xixn7x']
[2024-11-01T12:34:30.562+0100] {standard_task_runner.py:83} INFO - Job 92: Subtask trigger_airbyte_sync_vbak
[2024-11-01T12:34:30.700+0100] {task_command.py:389} INFO - Running <TaskInstance: airbyte_sync_dag.trigger_airbyte_sync_vbak manual__2024-11-01T11:34:29.786135+00:00 [running]> on host bd78ac0fb717
[2024-11-01T12:34:30.840+0100] {taskinstance.py:1513} INFO - Exporting the following env vars:
AIRFLOW_CTX_DAG_OWNER=Admin
AIRFLOW_CTX_DAG_ID=airbyte_sync_dag
AIRFLOW_CTX_TASK_ID=trigger_airbyte_sync_vbak
AIRFLOW_CTX_EXECUTION_DATE=2024-11-01T11:34:29.786135+00:00
AIRFLOW_CTX_TRY_NUMBER=1
AIRFLOW_CTX_DAG_RUN_ID=manual__2024-11-01T11:34:29.786135+00:00
[2024-11-01T12:34:30.864+0100] {base.py:73} INFO - Using connection ID 'airbyte_conn' for task execution.
[2024-11-01T12:34:30.874+0100] {http.py:150} INFO - Sending 'POST' to url: http://10.132.0.2:8000/api/v1/connections/sync
[2024-11-01T12:34:31.782+0100] {airbyte.py:77} INFO - Job 41 was submitted to Airbyte Server
[2024-11-01T12:34:31.845+0100] {taskinstance.py:1327} INFO - Marking task as SUCCESS. dag_id=airbyte_sync_dag, task_id=trigger_airbyte_sync_vbak, execution_date=20241101T113429, start_date=20241101T113430, end_date=20241101T113431
[2024-11-01T12:34:31.944+0100] {local_task_job.py:159} INFO - Task exited with return code 0
[2024-11-01T12:34:32.025+0100] {taskinstance.py:2582} INFO - 1 downstream tasks scheduled from follow-on schedule check
