[2024-11-04T17:19:59.314+0100] {taskinstance.py:1087} INFO - Dependencies all met for <TaskInstance: gcs_to_bq_custom_operator_dag.load_vbrp_to_bq manual__2024-11-04T16:19:13.547925+00:00 [queued]>
[2024-11-04T17:19:59.337+0100] {taskinstance.py:1087} INFO - Dependencies all met for <TaskInstance: gcs_to_bq_custom_operator_dag.load_vbrp_to_bq manual__2024-11-04T16:19:13.547925+00:00 [queued]>
[2024-11-04T17:19:59.337+0100] {taskinstance.py:1283} INFO - 
--------------------------------------------------------------------------------
[2024-11-04T17:19:59.337+0100] {taskinstance.py:1284} INFO - Starting attempt 1 of 2
[2024-11-04T17:19:59.337+0100] {taskinstance.py:1285} INFO - 
--------------------------------------------------------------------------------
[2024-11-04T17:19:59.359+0100] {taskinstance.py:1304} INFO - Executing <Task(PythonOperator): load_vbrp_to_bq> on 2024-11-04 16:19:13.547925+00:00
[2024-11-04T17:19:59.370+0100] {standard_task_runner.py:55} INFO - Started process 5656 to run task
[2024-11-04T17:19:59.377+0100] {standard_task_runner.py:82} INFO - Running: ['***', 'tasks', 'run', 'gcs_to_bq_custom_operator_dag', 'load_vbrp_to_bq', 'manual__2024-11-04T16:19:13.547925+00:00', '--job-id', '154', '--raw', '--subdir', 'DAGS_FOLDER/extraction_dag.py', '--cfg-path', '/tmp/tmpfgo1fmhc']
[2024-11-04T17:19:59.381+0100] {standard_task_runner.py:83} INFO - Job 154: Subtask load_vbrp_to_bq
[2024-11-04T17:19:59.484+0100] {task_command.py:389} INFO - Running <TaskInstance: gcs_to_bq_custom_operator_dag.load_vbrp_to_bq manual__2024-11-04T16:19:13.547925+00:00 [running]> on host b222f5fac3f3
[2024-11-04T17:19:59.872+0100] {taskinstance.py:1513} INFO - Exporting the following env vars:
AIRFLOW_CTX_DAG_OWNER=Admin
AIRFLOW_CTX_DAG_ID=gcs_to_bq_custom_operator_dag
AIRFLOW_CTX_TASK_ID=load_vbrp_to_bq
AIRFLOW_CTX_EXECUTION_DATE=2024-11-04T16:19:13.547925+00:00
AIRFLOW_CTX_TRY_NUMBER=1
AIRFLOW_CTX_DAG_RUN_ID=manual__2024-11-04T16:19:13.547925+00:00
[2024-11-04T17:20:11.735+0100] {logging_mixin.py:137} INFO - Loaded data from vbrp.csv into eltl-pipeline-project.staging.VBRP
[2024-11-04T17:20:11.736+0100] {python.py:177} INFO - Done. Returned value was: None
[2024-11-04T17:20:11.757+0100] {taskinstance.py:1327} INFO - Marking task as SUCCESS. dag_id=gcs_to_bq_custom_operator_dag, task_id=load_vbrp_to_bq, execution_date=20241104T161913, start_date=20241104T161959, end_date=20241104T162011
[2024-11-04T17:20:11.829+0100] {local_task_job.py:159} INFO - Task exited with return code 0
[2024-11-04T17:20:11.901+0100] {taskinstance.py:2582} INFO - 1 downstream tasks scheduled from follow-on schedule check
