[2024-11-01T10:54:15.352+0100] {taskinstance.py:1087} INFO - Dependencies all met for <TaskInstance: airbyte_sync_dag.trigger_airbyte_sync_vbak manual__2024-11-01T09:54:13.903266+00:00 [queued]>
[2024-11-01T10:54:15.375+0100] {taskinstance.py:1087} INFO - Dependencies all met for <TaskInstance: airbyte_sync_dag.trigger_airbyte_sync_vbak manual__2024-11-01T09:54:13.903266+00:00 [queued]>
[2024-11-01T10:54:15.375+0100] {taskinstance.py:1283} INFO - 
--------------------------------------------------------------------------------
[2024-11-01T10:54:15.375+0100] {taskinstance.py:1284} INFO - Starting attempt 1 of 2
[2024-11-01T10:54:15.375+0100] {taskinstance.py:1285} INFO - 
--------------------------------------------------------------------------------
[2024-11-01T10:54:15.399+0100] {taskinstance.py:1304} INFO - Executing <Task(AirbyteTriggerSyncOperator): trigger_airbyte_sync_vbak> on 2024-11-01 09:54:13.903266+00:00
[2024-11-01T10:54:15.407+0100] {standard_task_runner.py:55} INFO - Started process 214 to run task
[2024-11-01T10:54:15.412+0100] {standard_task_runner.py:82} INFO - Running: ['***', 'tasks', 'run', 'airbyte_sync_dag', 'trigger_airbyte_sync_vbak', 'manual__2024-11-01T09:54:13.903266+00:00', '--job-id', '90', '--raw', '--subdir', 'DAGS_FOLDER/airbyte_dag.py', '--cfg-path', '/tmp/tmpe778wzs3']
[2024-11-01T10:54:15.415+0100] {standard_task_runner.py:83} INFO - Job 90: Subtask trigger_airbyte_sync_vbak
[2024-11-01T10:54:15.525+0100] {task_command.py:389} INFO - Running <TaskInstance: airbyte_sync_dag.trigger_airbyte_sync_vbak manual__2024-11-01T09:54:13.903266+00:00 [running]> on host bd78ac0fb717
[2024-11-01T10:54:15.660+0100] {taskinstance.py:1513} INFO - Exporting the following env vars:
AIRFLOW_CTX_DAG_OWNER=Admin
AIRFLOW_CTX_DAG_ID=airbyte_sync_dag
AIRFLOW_CTX_TASK_ID=trigger_airbyte_sync_vbak
AIRFLOW_CTX_EXECUTION_DATE=2024-11-01T09:54:13.903266+00:00
AIRFLOW_CTX_TRY_NUMBER=1
AIRFLOW_CTX_DAG_RUN_ID=manual__2024-11-01T09:54:13.903266+00:00
[2024-11-01T10:54:15.677+0100] {base.py:73} INFO - Using connection ID 'airbyte_conn' for task execution.
[2024-11-01T10:54:15.681+0100] {http.py:150} INFO - Sending 'POST' to url: http://10.132.0.2:8000/api/v1/connections/sync
[2024-11-01T10:54:16.638+0100] {airbyte.py:77} INFO - Job 39 was submitted to Airbyte Server
[2024-11-01T10:54:16.683+0100] {taskinstance.py:1327} INFO - Marking task as SUCCESS. dag_id=airbyte_sync_dag, task_id=trigger_airbyte_sync_vbak, execution_date=20241101T095413, start_date=20241101T095415, end_date=20241101T095416
[2024-11-01T10:54:16.755+0100] {local_task_job.py:159} INFO - Task exited with return code 0
[2024-11-01T10:54:16.827+0100] {taskinstance.py:2582} INFO - 1 downstream tasks scheduled from follow-on schedule check
