[2024-11-04T17:20:32.629+0100] {taskinstance.py:1087} INFO - Dependencies all met for <TaskInstance: gcs_to_bq_custom_operator_dag.load_ekpo_to_bq manual__2024-11-04T16:19:13.547925+00:00 [queued]>
[2024-11-04T17:20:32.651+0100] {taskinstance.py:1087} INFO - Dependencies all met for <TaskInstance: gcs_to_bq_custom_operator_dag.load_ekpo_to_bq manual__2024-11-04T16:19:13.547925+00:00 [queued]>
[2024-11-04T17:20:32.651+0100] {taskinstance.py:1283} INFO - 
--------------------------------------------------------------------------------
[2024-11-04T17:20:32.651+0100] {taskinstance.py:1284} INFO - Starting attempt 1 of 2
[2024-11-04T17:20:32.652+0100] {taskinstance.py:1285} INFO - 
--------------------------------------------------------------------------------
[2024-11-04T17:20:32.672+0100] {taskinstance.py:1304} INFO - Executing <Task(PythonOperator): load_ekpo_to_bq> on 2024-11-04 16:19:13.547925+00:00
[2024-11-04T17:20:32.683+0100] {standard_task_runner.py:55} INFO - Started process 5987 to run task
[2024-11-04T17:20:32.689+0100] {standard_task_runner.py:82} INFO - Running: ['***', 'tasks', 'run', 'gcs_to_bq_custom_operator_dag', 'load_ekpo_to_bq', 'manual__2024-11-04T16:19:13.547925+00:00', '--job-id', '156', '--raw', '--subdir', 'DAGS_FOLDER/extraction_dag.py', '--cfg-path', '/tmp/tmpmlqxdlzn']
[2024-11-04T17:20:32.693+0100] {standard_task_runner.py:83} INFO - Job 156: Subtask load_ekpo_to_bq
[2024-11-04T17:20:32.802+0100] {task_command.py:389} INFO - Running <TaskInstance: gcs_to_bq_custom_operator_dag.load_ekpo_to_bq manual__2024-11-04T16:19:13.547925+00:00 [running]> on host b222f5fac3f3
[2024-11-04T17:20:33.170+0100] {taskinstance.py:1513} INFO - Exporting the following env vars:
AIRFLOW_CTX_DAG_OWNER=Admin
AIRFLOW_CTX_DAG_ID=gcs_to_bq_custom_operator_dag
AIRFLOW_CTX_TASK_ID=load_ekpo_to_bq
AIRFLOW_CTX_EXECUTION_DATE=2024-11-04T16:19:13.547925+00:00
AIRFLOW_CTX_TRY_NUMBER=1
AIRFLOW_CTX_DAG_RUN_ID=manual__2024-11-04T16:19:13.547925+00:00
[2024-11-04T17:21:14.202+0100] {logging_mixin.py:137} INFO - Loaded data from ekpo.csv into eltl-pipeline-project.staging.EKPO
[2024-11-04T17:21:14.202+0100] {python.py:177} INFO - Done. Returned value was: None
[2024-11-04T17:21:14.224+0100] {taskinstance.py:1327} INFO - Marking task as SUCCESS. dag_id=gcs_to_bq_custom_operator_dag, task_id=load_ekpo_to_bq, execution_date=20241104T161913, start_date=20241104T162032, end_date=20241104T162114
[2024-11-04T17:21:14.266+0100] {local_task_job.py:159} INFO - Task exited with return code 0
[2024-11-04T17:21:14.308+0100] {taskinstance.py:2582} INFO - 1 downstream tasks scheduled from follow-on schedule check
