[2024-11-04T17:21:36.192+0100] {taskinstance.py:1087} INFO - Dependencies all met for <TaskInstance: gcs_to_bq_custom_operator_dag.load_makt_to_bq manual__2024-11-04T16:19:13.547925+00:00 [queued]>
[2024-11-04T17:21:36.212+0100] {taskinstance.py:1087} INFO - Dependencies all met for <TaskInstance: gcs_to_bq_custom_operator_dag.load_makt_to_bq manual__2024-11-04T16:19:13.547925+00:00 [queued]>
[2024-11-04T17:21:36.212+0100] {taskinstance.py:1283} INFO - 
--------------------------------------------------------------------------------
[2024-11-04T17:21:36.212+0100] {taskinstance.py:1284} INFO - Starting attempt 1 of 2
[2024-11-04T17:21:36.212+0100] {taskinstance.py:1285} INFO - 
--------------------------------------------------------------------------------
[2024-11-04T17:21:36.230+0100] {taskinstance.py:1304} INFO - Executing <Task(PythonOperator): load_makt_to_bq> on 2024-11-04 16:19:13.547925+00:00
[2024-11-04T17:21:36.241+0100] {standard_task_runner.py:55} INFO - Started process 6511 to run task
[2024-11-04T17:21:36.247+0100] {standard_task_runner.py:82} INFO - Running: ['***', 'tasks', 'run', 'gcs_to_bq_custom_operator_dag', 'load_makt_to_bq', 'manual__2024-11-04T16:19:13.547925+00:00', '--job-id', '159', '--raw', '--subdir', 'DAGS_FOLDER/extraction_dag.py', '--cfg-path', '/tmp/tmpynh0_pjz']
[2024-11-04T17:21:36.251+0100] {standard_task_runner.py:83} INFO - Job 159: Subtask load_makt_to_bq
[2024-11-04T17:21:36.349+0100] {task_command.py:389} INFO - Running <TaskInstance: gcs_to_bq_custom_operator_dag.load_makt_to_bq manual__2024-11-04T16:19:13.547925+00:00 [running]> on host b222f5fac3f3
[2024-11-04T17:21:36.728+0100] {taskinstance.py:1513} INFO - Exporting the following env vars:
AIRFLOW_CTX_DAG_OWNER=Admin
AIRFLOW_CTX_DAG_ID=gcs_to_bq_custom_operator_dag
AIRFLOW_CTX_TASK_ID=load_makt_to_bq
AIRFLOW_CTX_EXECUTION_DATE=2024-11-04T16:19:13.547925+00:00
AIRFLOW_CTX_TRY_NUMBER=1
AIRFLOW_CTX_DAG_RUN_ID=manual__2024-11-04T16:19:13.547925+00:00
[2024-11-04T17:21:41.711+0100] {logging_mixin.py:137} INFO - Loaded data from makt.csv into eltl-pipeline-project.staging.MAKT
[2024-11-04T17:21:41.712+0100] {python.py:177} INFO - Done. Returned value was: None
[2024-11-04T17:21:41.732+0100] {taskinstance.py:1327} INFO - Marking task as SUCCESS. dag_id=gcs_to_bq_custom_operator_dag, task_id=load_makt_to_bq, execution_date=20241104T161913, start_date=20241104T162136, end_date=20241104T162141
[2024-11-04T17:21:41.779+0100] {local_task_job.py:159} INFO - Task exited with return code 0
[2024-11-04T17:21:41.829+0100] {taskinstance.py:2582} INFO - 1 downstream tasks scheduled from follow-on schedule check
