[2024-11-04T14:09:34.895+0100] {taskinstance.py:1087} INFO - Dependencies all met for <TaskInstance: airbyte_sync_dag_1.trigger_airbyte_sync_vbap manual__2024-11-04T13:09:33.233578+00:00 [queued]>
[2024-11-04T14:09:34.932+0100] {taskinstance.py:1087} INFO - Dependencies all met for <TaskInstance: airbyte_sync_dag_1.trigger_airbyte_sync_vbap manual__2024-11-04T13:09:33.233578+00:00 [queued]>
[2024-11-04T14:09:34.932+0100] {taskinstance.py:1283} INFO - 
--------------------------------------------------------------------------------
[2024-11-04T14:09:34.932+0100] {taskinstance.py:1284} INFO - Starting attempt 1 of 2
[2024-11-04T14:09:34.933+0100] {taskinstance.py:1285} INFO - 
--------------------------------------------------------------------------------
[2024-11-04T14:09:34.970+0100] {taskinstance.py:1304} INFO - Executing <Task(AirbyteTriggerSyncOperator): trigger_airbyte_sync_vbap> on 2024-11-04 13:09:33.233578+00:00
[2024-11-04T14:09:34.981+0100] {standard_task_runner.py:55} INFO - Started process 10180 to run task
[2024-11-04T14:09:34.994+0100] {standard_task_runner.py:82} INFO - Running: ['***', 'tasks', 'run', 'airbyte_sync_dag_1', 'trigger_airbyte_sync_vbap', 'manual__2024-11-04T13:09:33.233578+00:00', '--job-id', '111', '--raw', '--subdir', 'DAGS_FOLDER/airbyte_dag_1.py', '--cfg-path', '/tmp/tmpcw79ap_k']
[2024-11-04T14:09:35.002+0100] {standard_task_runner.py:83} INFO - Job 111: Subtask trigger_airbyte_sync_vbap
[2024-11-04T14:09:35.163+0100] {task_command.py:389} INFO - Running <TaskInstance: airbyte_sync_dag_1.trigger_airbyte_sync_vbap manual__2024-11-04T13:09:33.233578+00:00 [running]> on host 6615441da045
[2024-11-04T14:09:35.348+0100] {taskinstance.py:1513} INFO - Exporting the following env vars:
AIRFLOW_CTX_DAG_OWNER=Admin
AIRFLOW_CTX_DAG_ID=airbyte_sync_dag_1
AIRFLOW_CTX_TASK_ID=trigger_airbyte_sync_vbap
AIRFLOW_CTX_EXECUTION_DATE=2024-11-04T13:09:33.233578+00:00
AIRFLOW_CTX_TRY_NUMBER=1
AIRFLOW_CTX_DAG_RUN_ID=manual__2024-11-04T13:09:33.233578+00:00
[2024-11-04T14:09:35.371+0100] {base.py:73} INFO - Using connection ID 'airbyte_conn' for task execution.
[2024-11-04T14:09:35.377+0100] {http.py:150} INFO - Sending 'POST' to url: http://10.132.0.2:8000/api/v1/connections/sync
[2024-11-04T14:09:46.410+0100] {airbyte.py:77} INFO - Job 54 was submitted to Airbyte Server
[2024-11-04T14:09:46.478+0100] {taskinstance.py:1327} INFO - Marking task as SUCCESS. dag_id=airbyte_sync_dag_1, task_id=trigger_airbyte_sync_vbap, execution_date=20241104T130933, start_date=20241104T130934, end_date=20241104T130946
[2024-11-04T14:09:46.542+0100] {local_task_job.py:159} INFO - Task exited with return code 0
[2024-11-04T14:09:46.810+0100] {taskinstance.py:2582} INFO - 0 downstream tasks scheduled from follow-on schedule check
