[2024-11-04T18:15:33.863+0100] {taskinstance.py:1087} INFO - Dependencies all met for <TaskInstance: gcs_to_bq_with_quality_checks.load_vbak_to_bq manual__2024-11-04T17:15:32.407436+00:00 [queued]>
[2024-11-04T18:15:33.882+0100] {taskinstance.py:1087} INFO - Dependencies all met for <TaskInstance: gcs_to_bq_with_quality_checks.load_vbak_to_bq manual__2024-11-04T17:15:32.407436+00:00 [queued]>
[2024-11-04T18:15:33.883+0100] {taskinstance.py:1283} INFO - 
--------------------------------------------------------------------------------
[2024-11-04T18:15:33.883+0100] {taskinstance.py:1284} INFO - Starting attempt 1 of 2
[2024-11-04T18:15:33.883+0100] {taskinstance.py:1285} INFO - 
--------------------------------------------------------------------------------
[2024-11-04T18:15:33.901+0100] {taskinstance.py:1304} INFO - Executing <Task(PythonOperator): load_vbak_to_bq> on 2024-11-04 17:15:32.407436+00:00
[2024-11-04T18:15:33.913+0100] {standard_task_runner.py:55} INFO - Started process 36804 to run task
[2024-11-04T18:15:33.920+0100] {standard_task_runner.py:82} INFO - Running: ['***', 'tasks', 'run', 'gcs_to_bq_with_quality_checks', 'load_vbak_to_bq', 'manual__2024-11-04T17:15:32.407436+00:00', '--job-id', '173', '--raw', '--subdir', 'DAGS_FOLDER/extraction_dag_with_dq_checks.py', '--cfg-path', '/tmp/tmpbnv3ixd8']
[2024-11-04T18:15:33.923+0100] {standard_task_runner.py:83} INFO - Job 173: Subtask load_vbak_to_bq
[2024-11-04T18:15:34.051+0100] {task_command.py:389} INFO - Running <TaskInstance: gcs_to_bq_with_quality_checks.load_vbak_to_bq manual__2024-11-04T17:15:32.407436+00:00 [running]> on host e0d728679b7b
[2024-11-04T18:15:34.175+0100] {taskinstance.py:1513} INFO - Exporting the following env vars:
AIRFLOW_CTX_DAG_OWNER=Admin
AIRFLOW_CTX_DAG_ID=gcs_to_bq_with_quality_checks
AIRFLOW_CTX_TASK_ID=load_vbak_to_bq
AIRFLOW_CTX_EXECUTION_DATE=2024-11-04T17:15:32.407436+00:00
AIRFLOW_CTX_TRY_NUMBER=1
AIRFLOW_CTX_DAG_RUN_ID=manual__2024-11-04T17:15:32.407436+00:00
[2024-11-04T18:15:39.031+0100] {logging_mixin.py:137} INFO - Loaded data from vbak.csv into eltl-pipeline-project.staging.VBAK
[2024-11-04T18:15:39.032+0100] {python.py:177} INFO - Done. Returned value was: None
[2024-11-04T18:15:39.046+0100] {taskinstance.py:1327} INFO - Marking task as SUCCESS. dag_id=gcs_to_bq_with_quality_checks, task_id=load_vbak_to_bq, execution_date=20241104T171532, start_date=20241104T171533, end_date=20241104T171539
[2024-11-04T18:15:39.104+0100] {local_task_job.py:159} INFO - Task exited with return code 0
[2024-11-04T18:15:39.153+0100] {taskinstance.py:2582} INFO - 1 downstream tasks scheduled from follow-on schedule check
