[2024-11-04T14:09:51.524+0100] {taskinstance.py:1087} INFO - Dependencies all met for <TaskInstance: airbyte_sync_dag_1.trigger_airbyte_sync_vbrp manual__2024-11-04T13:09:33.233578+00:00 [queued]>
[2024-11-04T14:09:51.591+0100] {taskinstance.py:1087} INFO - Dependencies all met for <TaskInstance: airbyte_sync_dag_1.trigger_airbyte_sync_vbrp manual__2024-11-04T13:09:33.233578+00:00 [queued]>
[2024-11-04T14:09:51.591+0100] {taskinstance.py:1283} INFO - 
--------------------------------------------------------------------------------
[2024-11-04T14:09:51.592+0100] {taskinstance.py:1284} INFO - Starting attempt 1 of 2
[2024-11-04T14:09:51.592+0100] {taskinstance.py:1285} INFO - 
--------------------------------------------------------------------------------
[2024-11-04T14:09:51.647+0100] {taskinstance.py:1304} INFO - Executing <Task(AirbyteTriggerSyncOperator): trigger_airbyte_sync_vbrp> on 2024-11-04 13:09:33.233578+00:00
[2024-11-04T14:09:51.664+0100] {standard_task_runner.py:55} INFO - Started process 10609 to run task
[2024-11-04T14:09:51.676+0100] {standard_task_runner.py:82} INFO - Running: ['***', 'tasks', 'run', 'airbyte_sync_dag_1', 'trigger_airbyte_sync_vbrp', 'manual__2024-11-04T13:09:33.233578+00:00', '--job-id', '113', '--raw', '--subdir', 'DAGS_FOLDER/airbyte_dag_1.py', '--cfg-path', '/tmp/tmpfonv2g_v']
[2024-11-04T14:09:51.687+0100] {standard_task_runner.py:83} INFO - Job 113: Subtask trigger_airbyte_sync_vbrp
[2024-11-04T14:09:52.016+0100] {task_command.py:389} INFO - Running <TaskInstance: airbyte_sync_dag_1.trigger_airbyte_sync_vbrp manual__2024-11-04T13:09:33.233578+00:00 [running]> on host 6615441da045
[2024-11-04T14:09:52.313+0100] {taskinstance.py:1513} INFO - Exporting the following env vars:
AIRFLOW_CTX_DAG_OWNER=Admin
AIRFLOW_CTX_DAG_ID=airbyte_sync_dag_1
AIRFLOW_CTX_TASK_ID=trigger_airbyte_sync_vbrp
AIRFLOW_CTX_EXECUTION_DATE=2024-11-04T13:09:33.233578+00:00
AIRFLOW_CTX_TRY_NUMBER=1
AIRFLOW_CTX_DAG_RUN_ID=manual__2024-11-04T13:09:33.233578+00:00
[2024-11-04T14:09:52.369+0100] {base.py:73} INFO - Using connection ID 'airbyte_conn' for task execution.
[2024-11-04T14:09:52.384+0100] {http.py:150} INFO - Sending 'POST' to url: http://10.132.0.2:8000/api/v1/connections/sync
[2024-11-04T14:09:55.047+0100] {airbyte.py:77} INFO - Job 56 was submitted to Airbyte Server
[2024-11-04T14:09:55.128+0100] {taskinstance.py:1327} INFO - Marking task as SUCCESS. dag_id=airbyte_sync_dag_1, task_id=trigger_airbyte_sync_vbrp, execution_date=20241104T130933, start_date=20241104T130951, end_date=20241104T130955
[2024-11-04T14:09:55.197+0100] {local_task_job.py:159} INFO - Task exited with return code 0
[2024-11-04T14:09:55.350+0100] {taskinstance.py:2582} INFO - 0 downstream tasks scheduled from follow-on schedule check
