[2024-11-04T14:09:47.247+0100] {taskinstance.py:1087} INFO - Dependencies all met for <TaskInstance: airbyte_sync_dag_1.trigger_airbyte_sync_vbrk manual__2024-11-04T13:09:33.233578+00:00 [queued]>
[2024-11-04T14:09:47.285+0100] {taskinstance.py:1087} INFO - Dependencies all met for <TaskInstance: airbyte_sync_dag_1.trigger_airbyte_sync_vbrk manual__2024-11-04T13:09:33.233578+00:00 [queued]>
[2024-11-04T14:09:47.285+0100] {taskinstance.py:1283} INFO - 
--------------------------------------------------------------------------------
[2024-11-04T14:09:47.285+0100] {taskinstance.py:1284} INFO - Starting attempt 1 of 2
[2024-11-04T14:09:47.286+0100] {taskinstance.py:1285} INFO - 
--------------------------------------------------------------------------------
[2024-11-04T14:09:47.327+0100] {taskinstance.py:1304} INFO - Executing <Task(AirbyteTriggerSyncOperator): trigger_airbyte_sync_vbrk> on 2024-11-04 13:09:33.233578+00:00
[2024-11-04T14:09:47.348+0100] {standard_task_runner.py:55} INFO - Started process 10512 to run task
[2024-11-04T14:09:47.364+0100] {standard_task_runner.py:82} INFO - Running: ['***', 'tasks', 'run', 'airbyte_sync_dag_1', 'trigger_airbyte_sync_vbrk', 'manual__2024-11-04T13:09:33.233578+00:00', '--job-id', '112', '--raw', '--subdir', 'DAGS_FOLDER/airbyte_dag_1.py', '--cfg-path', '/tmp/tmp6ujw8532']
[2024-11-04T14:09:47.372+0100] {standard_task_runner.py:83} INFO - Job 112: Subtask trigger_airbyte_sync_vbrk
[2024-11-04T14:09:47.535+0100] {task_command.py:389} INFO - Running <TaskInstance: airbyte_sync_dag_1.trigger_airbyte_sync_vbrk manual__2024-11-04T13:09:33.233578+00:00 [running]> on host 6615441da045
[2024-11-04T14:09:47.708+0100] {taskinstance.py:1513} INFO - Exporting the following env vars:
AIRFLOW_CTX_DAG_OWNER=Admin
AIRFLOW_CTX_DAG_ID=airbyte_sync_dag_1
AIRFLOW_CTX_TASK_ID=trigger_airbyte_sync_vbrk
AIRFLOW_CTX_EXECUTION_DATE=2024-11-04T13:09:33.233578+00:00
AIRFLOW_CTX_TRY_NUMBER=1
AIRFLOW_CTX_DAG_RUN_ID=manual__2024-11-04T13:09:33.233578+00:00
[2024-11-04T14:09:47.727+0100] {base.py:73} INFO - Using connection ID 'airbyte_conn' for task execution.
[2024-11-04T14:09:47.733+0100] {http.py:150} INFO - Sending 'POST' to url: http://10.132.0.2:8000/api/v1/connections/sync
[2024-11-04T14:09:50.048+0100] {airbyte.py:77} INFO - Job 55 was submitted to Airbyte Server
[2024-11-04T14:09:50.112+0100] {taskinstance.py:1327} INFO - Marking task as SUCCESS. dag_id=airbyte_sync_dag_1, task_id=trigger_airbyte_sync_vbrk, execution_date=20241104T130933, start_date=20241104T130947, end_date=20241104T130950
[2024-11-04T14:09:50.173+0100] {local_task_job.py:159} INFO - Task exited with return code 0
[2024-11-04T14:09:50.306+0100] {taskinstance.py:2582} INFO - 1 downstream tasks scheduled from follow-on schedule check
